1528703584914	geckodriver	INFO	geckodriver 0.20.1
1528703584937	geckodriver	INFO	Listening on 127.0.0.1:46977
1528703585942	mozrunner::runner	INFO	Running command: "/usr/bin/firefox" "-marionette" "-profile" "/tmp/rust_mozprofile.ysbJCboqhBNT"
alloc factor 0,900000 0,900000
alloc factor 0,900000 0,900000
alloc factor 0,900000 0,900000
alloc factor 0,900000 0,900000
1528703596657	Marionette	INFO	Listening on port 34561
1528703596719	Marionette	WARN	TLS certificate errors will be ignored for this session
*** UTM:SVC TimerManager:registerTimer called after profile-before-change notification. Ignoring timer registration for id: telemetry_modules_ping
1528703663121	geckodriver	INFO	geckodriver 0.20.1
1528703663149	geckodriver	INFO	Listening on 127.0.0.1:58669
1528703664154	mozrunner::runner	INFO	Running command: "/usr/bin/firefox" "-marionette" "-profile" "/tmp/rust_mozprofile.VuiRIIYWeWtV"
alloc factor 0,900000 0,900000
alloc factor 0,900000 0,900000
alloc factor 0,900000 0,900000
alloc factor 0,900000 0,900000
1528703674276	Marionette	INFO	Listening on port 36989
1528703674616	Marionette	WARN	TLS certificate errors will be ignored for this session
*** UTM:SVC TimerManager:registerTimer called after profile-before-change notification. Ignoring timer registration for id: telemetry_modules_ping
1528703705798	geckodriver	INFO	geckodriver 0.20.1
1528703705898	geckodriver	INFO	Listening on 127.0.0.1:59583
1528703706852	mozrunner::runner	INFO	Running command: "/usr/bin/firefox" "-marionette" "-profile" "/tmp/rust_mozprofile.CDUuyhfpib5g"
alloc factor 0,900000 0,900000
alloc factor 0,900000 0,900000
alloc factor 0,900000 0,900000
alloc factor 0,900000 0,900000
1528703717997	Marionette	INFO	Listening on port 35539
1528703718231	Marionette	WARN	TLS certificate errors will be ignored for this session
*** UTM:SVC TimerManager:registerTimer called after profile-before-change notification. Ignoring timer registration for id: telemetry_modules_ping
1528706395041	geckodriver	INFO	geckodriver 0.20.1
1528706395067	geckodriver	INFO	Listening on 127.0.0.1:37241
1528706396076	mozrunner::runner	INFO	Running command: "/usr/bin/firefox" "-marionette" "-profile" "/tmp/rust_mozprofile.VHNmnNNUWfXG"
alloc factor 0,900000 0,900000
alloc factor 0,900000 0,900000
alloc factor 0,900000 0,900000
alloc factor 0,900000 0,900000
1528706408622	Marionette	INFO	Listening on port 37589
1528706408714	Marionette	WARN	TLS certificate errors will be ignored for this session
[Parent 7472, Gecko_IOThread] WARNING: pipe error (100): Соединение разорвано другой стороной: file /build/firefox-x6Eqca/firefox-60.0.1+build2/ipc/chromium/src/chrome/common/ipc_channel_posix.cc, line 353
*** UTM:SVC TimerManager:registerTimer called after profile-before-change notification. Ignoring timer registration for id: telemetry_modules_ping
1528706453127	geckodriver	INFO	geckodriver 0.20.1
1528706453181	geckodriver	INFO	Listening on 127.0.0.1:35535
1528706454180	mozrunner::runner	INFO	Running command: "/usr/bin/firefox" "-marionette" "-profile" "/tmp/rust_mozprofile.V6kV2ebnh7r2"
alloc factor 0,900000 0,900000
alloc factor 0,900000 0,900000
alloc factor 0,900000 0,900000
alloc factor 0,900000 0,900000
1528706466726	Marionette	INFO	Listening on port 38659
1528706466791	Marionette	WARN	TLS certificate errors will be ignored for this session
*** UTM:SVC TimerManager:registerTimer called after profile-before-change notification. Ignoring timer registration for id: telemetry_modules_ping
1528707220875	geckodriver	INFO	geckodriver 0.20.1
1528707220902	geckodriver	INFO	Listening on 127.0.0.1:43445
1528707221919	mozrunner::runner	INFO	Running command: "/usr/bin/firefox" "-marionette" "-profile" "/tmp/rust_mozprofile.n9r39xq3on3f"
alloc factor 0,900000 0,900000
alloc factor 0,900000 0,900000
alloc factor 0,900000 0,900000
alloc factor 0,900000 0,900000
1528707232663	Marionette	INFO	Listening on port 38379
1528707232927	Marionette	WARN	TLS certificate errors will be ignored for this session
*** UTM:SVC TimerManager:registerTimer called after profile-before-change notification. Ignoring timer registration for id: telemetry_modules_ping
1528707432271	geckodriver	INFO	geckodriver 0.20.1
1528707432315	geckodriver	INFO	Listening on 127.0.0.1:56369
1528707433327	mozrunner::runner	INFO	Running command: "/usr/bin/firefox" "-marionette" "-profile" "/tmp/rust_mozprofile.p3XF2e4zlaQq"
alloc factor 0,900000 0,900000
alloc factor 0,900000 0,900000
alloc factor 0,900000 0,900000
alloc factor 0,900000 0,900000
1528707453630	Marionette	INFO	Listening on port 42685
1528707453816	Marionette	WARN	TLS certificate errors will be ignored for this session
IPDL protocol error: Handler returned error code!

###!!! [Parent][DispatchAsyncMessage] Error: PLayerTransaction::Msg_ReleaseLayer Processing error: message was deserialized, but the handler returned false (indicating failure)

JavaScript error: https://www.python.org/static/js/libs/masonry.pkgd.min.js, line 9: TypeError: h is null

###!!! [Child][MessageChannel] Error: (msgtype=0x2C00AF,name=PContent::Msg_ScriptError) Channel closing: too late to send/recv, messages will be lost


###!!! [Child][RunMessage] Error: Channel closing: too late to send/recv, messages will be lost


###!!! [Child][MessageChannel] Error: (msgtype=0x2C00AF,name=PContent::Msg_ScriptError) Channel closing: too late to send/recv, messages will be lost

*** UTM:SVC TimerManager:registerTimer called after profile-before-change notification. Ignoring timer registration for id: telemetry_modules_ping
1528708315848	geckodriver	INFO	geckodriver 0.20.1
1528708315866	geckodriver	INFO	Listening on 127.0.0.1:33393
1528708316892	mozrunner::runner	INFO	Running command: "/usr/bin/firefox" "-marionette" "-profile" "/tmp/rust_mozprofile.pWSlg3K9i9zf"
alloc factor 0,900000 0,900000
alloc factor 0,900000 0,900000
alloc factor 0,900000 0,900000
alloc factor 0,900000 0,900000
1528708328955	Marionette	INFO	Listening on port 40995
1528708329045	Marionette	WARN	TLS certificate errors will be ignored for this session
IPDL protocol error: Handler returned error code!

###!!! [Parent][DispatchAsyncMessage] Error: PLayerTransaction::Msg_ReleaseLayer Processing error: message was deserialized, but the handler returned false (indicating failure)

JavaScript error: https://www.python.org/static/js/libs/masonry.pkgd.min.js, line 9: TypeError: h is null

###!!! [Child][MessageChannel] Error: (msgtype=0x2C00AF,name=PContent::Msg_ScriptError) Channel closing: too late to send/recv, messages will be lost


###!!! [Child][RunMessage] Error: Channel closing: too late to send/recv, messages will be lost


###!!! [Child][MessageChannel] Error: (msgtype=0x2C00AF,name=PContent::Msg_ScriptError) Channel closing: too late to send/recv, messages will be lost

*** UTM:SVC TimerManager:registerTimer called after profile-before-change notification. Ignoring timer registration for id: telemetry_modules_ping
1528708672225	geckodriver	INFO	geckodriver 0.20.1
1528708672247	geckodriver	INFO	Listening on 127.0.0.1:41151
1528708673250	mozrunner::runner	INFO	Running command: "/usr/bin/firefox" "-marionette" "-profile" "/tmp/rust_mozprofile.4EOeaszVqrJj"
alloc factor 0,900000 0,900000
alloc factor 0,900000 0,900000
alloc factor 0,900000 0,900000
alloc factor 0,900000 0,900000
1528708689662	Marionette	INFO	Listening on port 44449
1528708689760	Marionette	WARN	TLS certificate errors will be ignored for this session
IPDL protocol error: Handler returned error code!

###!!! [Parent][DispatchAsyncMessage] Error: PLayerTransaction::Msg_ReleaseLayer Processing error: message was deserialized, but the handler returned false (indicating failure)

JavaScript error: resource:///modules/ContentMetaHandler.jsm, line 155: NS_ERROR_ILLEGAL_VALUE: Component returned failure code: 0x80070057 (NS_ERROR_ILLEGAL_VALUE) [nsIMessageSender.sendAsyncMessage]

###!!! [Child][MessageChannel] Error: (msgtype=0x2C00AF,name=PContent::Msg_ScriptError) Channel closing: too late to send/recv, messages will be lost


###!!! [Child][RunMessage] Error: Channel closing: too late to send/recv, messages will be lost


###!!! [Child][MessageChannel] Error: (msgtype=0x2C00AF,name=PContent::Msg_ScriptError) Channel closing: too late to send/recv, messages will be lost

*** UTM:SVC TimerManager:registerTimer called after profile-before-change notification. Ignoring timer registration for id: telemetry_modules_ping
1528709230572	geckodriver	INFO	geckodriver 0.20.1
1528709230614	geckodriver	INFO	Listening on 127.0.0.1:46497
1528709231623	mozrunner::runner	INFO	Running command: "/usr/bin/firefox" "-marionette" "-profile" "/tmp/rust_mozprofile.ipAEHSJ89EXU"
alloc factor 0,900000 0,900000
alloc factor 0,900000 0,900000
alloc factor 0,900000 0,900000
alloc factor 0,900000 0,900000
1528709255627	Marionette	INFO	Listening on port 36053
1528709256043	Marionette	WARN	TLS certificate errors will be ignored for this session
1528709275982	addons.productaddons	WARN	Failed downloading via XHR, status: 0, reason: error

###!!! [Child][RunMessage] Error: Channel closing: too late to send/recv, messages will be lost


###!!! [Child][MessageChannel] Error: (msgtype=0x2C00AF,name=PContent::Msg_ScriptError) Channel closing: too late to send/recv, messages will be lost

*** UTM:SVC TimerManager:registerTimer called after profile-before-change notification. Ignoring timer registration for id: telemetry_modules_ping
