1528699259062	geckodriver	INFO	geckodriver 0.20.1
1528699259075	geckodriver	INFO	Listening on 127.0.0.1:60361
1528699260094	mozrunner::runner	INFO	Running command: "/usr/bin/firefox" "-marionette" "-profile" "/tmp/rust_mozprofile.fSN9qnjw2eCf"
alloc factor 0,900000 0,900000
alloc factor 0,900000 0,900000
alloc factor 0,900000 0,900000
alloc factor 0,900000 0,900000
1528699269932	Marionette	INFO	Listening on port 44329
1528699270086	Marionette	WARN	TLS certificate errors will be ignored for this session
*** UTM:SVC TimerManager:registerTimer called after profile-before-change notification. Ignoring timer registration for id: telemetry_modules_ping
1528701007411	geckodriver	INFO	geckodriver 0.20.1
1528701007452	geckodriver	INFO	Listening on 127.0.0.1:33829
1528701008448	mozrunner::runner	INFO	Running command: "/usr/bin/firefox" "-marionette" "-profile" "/tmp/rust_mozprofile.gNsBhGiDooDx"
alloc factor 0,900000 0,900000
alloc factor 0,900000 0,900000
alloc factor 0,900000 0,900000
alloc factor 0,900000 0,900000
1528701017511	Marionette	INFO	Listening on port 41897
1528701017607	Marionette	WARN	TLS certificate errors will be ignored for this session
*** UTM:SVC TimerManager:registerTimer called after profile-before-change notification. Ignoring timer registration for id: telemetry_modules_ping
1528733168174	geckodriver	INFO	geckodriver 0.20.1
1528733168208	geckodriver	INFO	Listening on 127.0.0.1:37127
1528733169213	mozrunner::runner	INFO	Running command: "/usr/bin/firefox" "-marionette" "-profile" "/tmp/rust_mozprofile.8dQQiWRY9kWC"
alloc factor 0,900000 0,900000
alloc factor 0,900000 0,900000
alloc factor 0,900000 0,900000
alloc factor 0,900000 0,900000
1528733180461	Marionette	INFO	Listening on port 41395
1528733180536	Marionette	WARN	TLS certificate errors will be ignored for this session
1528733180919	geckodriver	INFO	geckodriver 0.20.1
1528733180935	geckodriver	INFO	Listening on 127.0.0.1:57173
1528733181929	mozrunner::runner	INFO	Running command: "/usr/bin/firefox" "-marionette" "-profile" "/tmp/rust_mozprofile.hTWwAmkzpC3P"
alloc factor 0,900000 0,900000
alloc factor 0,900000 0,900000
alloc factor 0,900000 0,900000
alloc factor 0,900000 0,900000
1528733192449	Marionette	INFO	Listening on port 45105
1528733192781	Marionette	WARN	TLS certificate errors will be ignored for this session
alloc factor 0,900000 0,900000
alloc factor 0,900000 0,900000
1528733284187	geckodriver	INFO	geckodriver 0.20.1
1528733284212	geckodriver	INFO	Listening on 127.0.0.1:54665
1528733285258	mozrunner::runner	INFO	Running command: "/usr/bin/firefox" "-marionette" "-profile" "/tmp/rust_mozprofile.OqKoZc6QUgyR"
alloc factor 0,900000 0,900000
alloc factor 0,900000 0,900000
alloc factor 0,900000 0,900000
alloc factor 0,900000 0,900000
1528733297965	Marionette	INFO	Listening on port 37995
1528733298080	Marionette	WARN	TLS certificate errors will be ignored for this session
1528733298916	geckodriver	INFO	geckodriver 0.20.1
1528733298971	geckodriver	INFO	Listening on 127.0.0.1:52925
1528733299927	mozrunner::runner	INFO	Running command: "/usr/bin/firefox" "-marionette" "-profile" "/tmp/rust_mozprofile.dntxSSR0e6eU"
alloc factor 0,900000 0,900000
alloc factor 0,900000 0,900000
alloc factor 0,900000 0,900000
alloc factor 0,900000 0,900000
1528733311112	Marionette	INFO	Listening on port 37339
1528733311319	Marionette	WARN	TLS certificate errors will be ignored for this session
1528733357817	geckodriver	INFO	geckodriver 0.20.1
1528733357855	geckodriver	INFO	Listening on 127.0.0.1:41249
1528733358856	mozrunner::runner	INFO	Running command: "/usr/bin/firefox" "-marionette" "-profile" "/tmp/rust_mozprofile.ul8YUXNVS06C"
*** UTM:SVC TimerManager:registerTimer called after profile-before-change notification. Ignoring timer registration for id: telemetry_modules_ping
JavaScript error: resource://gre/modules/osfile/osfile_async_front.jsm, line 408: Error: OS.File has been shut down. Rejecting post to stat
alloc factor 0,900000 0,900000
alloc factor 0,900000 0,900000
alloc factor 0,900000 0,900000
alloc factor 0,900000 0,900000
1528733370955	Marionette	INFO	Listening on port 40249
1528733371050	Marionette	WARN	TLS certificate errors will be ignored for this session
1528733371602	geckodriver	INFO	geckodriver 0.20.1
1528733371670	geckodriver	INFO	Listening on 127.0.0.1:57079
1528733372616	mozrunner::runner	INFO	Running command: "/usr/bin/firefox" "-marionette" "-profile" "/tmp/rust_mozprofile.CEvEbnleWWOp"
alloc factor 0,900000 0,900000
alloc factor 0,900000 0,900000
alloc factor 0,900000 0,900000
alloc factor 0,900000 0,900000
1528733383786	Marionette	INFO	Listening on port 35803
1528733383882	Marionette	WARN	TLS certificate errors will be ignored for this session
*** UTM:SVC TimerManager:registerTimer called after profile-before-change notification. Ignoring timer registration for id: telemetry_modules_ping
